[www.sheffieldigem.com/index.html]
[backblue.gif]
[fade.gif]
[index.html]
[images.squarespace-cdn.com/content/v1/59427d3cd2b857e783255062/dee088ae-132c-45ee-aa7d-3892490494ab/favicon.0fc89.delayed]
[assets.squarespace.com/@sqs/polyfiller/1.6/legacy.2.delayed]
[assets.squarespace.com/universal/scripts-compressed/extract-css-runtime-f9b67b092b83798ea51d6-min.en-US.js]
[assets.squarespace.com/@sqs/polyfiller/1.6/modern.js]
[assets.squarespace.com/universal/scripts-compressed/cldr-resource-pack-56fdc0b6309d3f37f75e8-min.en-US.js]
[assets.squarespace.com/universal/scripts-compressed/common-vendors-stable-0fda8ea0a0cf92af6b92e-min.en-US.js]
[assets.squarespace.com/universal/scripts-compressed/extract-css-moment-js-vendor-5082e2dab696b020ac83a-min.en-US.js]
[assets.squarespace.com/universal/scripts-compressed/performance-28e7aebe94225014d2fdc-min.en-US.js]
[assets.squarespace.com/universal/scripts-compressed/common-vendors-d4c8824f34d7c03a6c155-min.en-US.js]
[www.sheffieldigem.com/team.html]
[www.sheffieldigem.com/our-projects.html]
[assets.squarespace.com/universal/scripts-compressed/common-2aa3b3e4ef45de1c28a90-min.en-US.js]
[www.sheffieldigem.com/our-labs.html]
[www.sheffieldigem.com/about-igem.html]
[static1.squarespace.com/static/sitecss/59427d3cd2b857e783255062/54/52a74dafe4b073a80cd253c5/59427d3cd2b857e783255068/1043/site.css]
[www.sheffieldigem.com/faqs.html]
[www.sheffieldigem.com/jamboree.html]
[www.sheffieldigem.com/get-involved.html]
[images.squarespace-cdn.com/content/v1/59427d3cd2b857e783255062/e2b873bd-e30e-4d33-a95b-732c7e23b9f6/242405991_999541444232753_5485604915236322226_n26f7.png]
[images.squarespace-cdn.com/content/v1/59427d3cd2b857e783255062/1498125523931-P7P908UI7T38JCCV32XH/1.jpg]
[images.squarespace-cdn.com/content/v1/59427d3cd2b857e783255062/1498125497241-MSSV84LVOJISPUH029WX/1a.jpg]
[images.squarespace-cdn.com/content/v1/59427d3cd2b857e783255062/1498125537579-3VX86QP4HYMJ0TD7OAI8/1ab.jpg]
[images.squarespace-cdn.com/content/v1/59427d3cd2b857e783255062/1579916480675-ZDGX7YSDE9ZWQ6MYS0CY/78337857_10218168741708273_7963041809720934400_o.jpg]
[images.squarespace-cdn.com/content/v1/59427d3cd2b857e783255062/1573661577660-JELLQCOF9QOLHOONNVYK/49055377798_35409c4823_o.jpg]
[images.squarespace-cdn.com/content/v1/59427d3cd2b857e783255062/1498125578401-2RD8W6JLHTVFXN52N364/1ad.jpg]
[images.squarespace-cdn.com/content/v1/59427d3cd2b857e783255062/1544713335949-YJZH8BWY0N5WSDC5PVZ0/jamboree6.jpg]
[images.squarespace-cdn.com/content/v1/59427d3cd2b857e783255062/1544713439163-TX2DURHWWUI6VANN5E82/3.jpg]
[images.squarespace-cdn.com/content/v1/59427d3cd2b857e783255062/1498125718980-FTITT8T6Y61EJDD6J2RX/1ai.jpg]
[images.squarespace-cdn.com/content/v1/59427d3cd2b857e783255062/1498125633914-7M6CHRN7RKHFWNCTDRRP/1af.jpg]
[images.squarespace-cdn.com/content/v1/59427d3cd2b857e783255062/1498125747635-3MDCYRJJPCRNH13FF1LW/1ak.jpg]
[images.squarespace-cdn.com/content/v1/59427d3cd2b857e783255062/1568117771931-TJCZGTCLJE66CKTG4RIG/Apply+Now.png]
[images.squarespace-cdn.com/content/v1/59427d3cd2b857e783255062/1498572433255-VEHXJ9BAC0AV5U4MU3TF/team.jpg]
[images.squarespace-cdn.com/content/v1/59427d3cd2b857e783255062/1498735513196-IM7P1XF2TZU8BBY4PSBH/sheffield_igem_2016_logo.png]
[images.squarespace-cdn.com/content/v1/59427d3cd2b857e783255062/1597734196235-0Z91WD1RCFITDIO15F10/78778034_10218168728627946_9006958268420980736_o.jpg]
[www.sheffieldigem.com/_https_/player.vimeo.com/video/119981367.24fbba.delayed]
[images.squarespace-cdn.com/content/v1/59427d3cd2b857e783255062/1498563031014-M7FN7M5HDZ9CDD7F8XJV/uni_of_sheff_logo.png]
[images.squarespace-cdn.com/content/v1/59427d3cd2b857e783255062/1498563024952-RIZIQXOIF4D07EX3Q1ZJ/bbsrc_logo_cropped.png]
[images.squarespace-cdn.com/content/v1/59427d3cd2b857e783255062/1498563025989-I2CB25G0WO38U7U6U3ME/doctoral_academy_logo_cropped.png]
[images.squarespace-cdn.com/content/v1/59427d3cd2b857e783255062/1498563026155-U14LNXZT32R897Z4MM4G/enterprise_logo_cropped.png]
[images.squarespace-cdn.com/content/v1/59427d3cd2b857e783255062/1498563031021-8LDPDLQI1NLW1351VPHN/grantham_centre_logo_cropped.png]
[images.squarespace-cdn.com/content/v1/59427d3cd2b857e783255062/1498563026467-AU2U4CWR1PADLCDSY4L2/insigneo_logo_cropped_new.png]
[images.squarespace-cdn.com/content/v1/59427d3cd2b857e783255062/1498563029732-Q1E9JABLXSM8XKSFBZF8/neb_logo_cropped.png]
[images.squarespace-cdn.com/content/v1/59427d3cd2b857e783255062/1498563025412-4JZ1OWY61L0CNJIAKZRX/alumni_logo_cropped.png]
[images.squarespace-cdn.com/content/v1/59427d3cd2b857e783255062/1499245287136-QHVTN2VD7XSXGTNOL3MP/IDT_Logo.png]
[images.squarespace-cdn.com/content/v1/59427d3cd2b857e783255062/1499245483789-EIV4B7G7M37PIK9JVJ9L/epsrc.png]
[www.sheffieldigem.com/index.html]
[static1.squarespace.com/static/59427d3cd2b857e783255062/t/614b727b3b152725345e59ba/1632334459788/242405991_999541444232753_5485604915236322226_n.126f7.delayed]
[static1.squarespace.com/static/ta/52a74d9ae4b0253945d2aee9/1043/scripts/site-bundle.js]
[images.squarespace-cdn.com/index.html]
[assets.squarespace.com/universal/images-v6/damask/error-dark.png]
[assets.squarespace.com/universal/images-v6/damask/error-dark@2x.png]
[assets.squarespace.com/universal/images-v6/damask/play-button.png]
[assets.squarespace.com/universal/images-v6/damask/play-button@2x.png]
[assets.squarespace.com/universal/images-v6/damask/edit-aviary-light.png]
[assets.squarespace.com/universal/images-v6/damask/edit-aviary-light@2x.png]
[assets.squarespace.com/universal/images-v6/damask/edit-info-light.png]
[assets.squarespace.com/universal/images-v6/damask/edit-info-light@2x.png]
[assets.squarespace.com/universal/images-v6/damask/trash-9-light.png]
[assets.squarespace.com/universal/images-v6/damask/trash-9-light@2x.png]
[assets.squarespace.com/universal/images-v6/damask/trash-9-red.png]
[assets.squarespace.com/universal/images-v6/damask/trash-9-red@2x.png]
[assets.squarespace.com/universal/images-v6/damask/getty-16-light.png]
[assets.squarespace.com/universal/images-v6/damask/getty-32-light.png]
[assets.squarespace.com/universal/images-v6/damask/shopping-cart-16-light.png]
[assets.squarespace.com/universal/images-v6/damask/shopping-cart-32-light.png]
[assets.squarespace.com/universal/images-v6/icons/block-indicator-dark.png]
[assets.squarespace.com/universal/images-v6/icons/block-indicator-dark@2x.png]
[assets.squarespace.com/universal/fonts/squarespace-ui-font.eot]
[assets.squarespace.com/universal/fonts/squarespace-ui-fontd41d.eot]
[assets.squarespace.com/universal/fonts/squarespace-ui-font.svg]
[assets.squarespace.com/universal/fonts/squarespace-ui-font.woff]
[assets.squarespace.com/universal/fonts/squarespace-ui-font.ttf]
[static1.squarespace.com/universal/images-v6/icons/opentable-icons.svg]
[assets.squarespace.com/universal/images-v6/icons/opentable-icons.png]
[static1.squarespace.com/universal/images-v6/icons/icon-searchqueries-20-dark.png]
[static1.squarespace.com/universal/images-v6/icons/icon-searchqueries-20-light.png]
[assets.squarespace.com/universal/images-v6/icons/icon-video-24-light-solid.png]
[static1.squarespace.com/universal/images-v6/damask/image-inside-64-dark.png]
[static1.squarespace.com/universal/images-v6/damask/image-inside-128-dark.png]
[assets.squarespace.com/universal/images-v6/misc/opentable/brand-light.png]
[assets.squarespace.com/universal/images-v6/misc/opentable/brand-light@2x.png]
[assets.squarespace.com/universal/images-v6/standard/icon_close_7_light.png]
[assets.squarespace.com/universal/images-v6/icons/icon-settings-16-light.png]
[assets.squarespace.com/universal/fonts/social-20141119/social-icon-font.eot]
[assets.squarespace.com/universal/fonts/social-20141119/social-icon-fontd41d.eot]
[assets.squarespace.com/universal/fonts/social-20141119/social-icon-font.woff]
[assets.squarespace.com/universal/fonts/social-20141119/social-icon-font.ttf]
[assets.squarespace.com/universal/fonts/social-20141119/social-icon-font.svg]
[static1.squarespace.com/static/sitecss/59427d3cd2b857e783255062/54/52a74dafe4b073a80cd253c5/59427d3cd2b857e783255068/1043/site.css]
[images.squarespace-cdn.com/content/v1/59427d3cd2b857e783255062/1574863359423-39A0BS5OB39230W2VL9M/Corp+Stru+Black.png]
[www.sheffieldigem.com/board.html]
[images.squarespace-cdn.com/content/v1/59427d3cd2b857e783255062/1600027089549-6ZPWGSKZSLDA09LVO77G/Dimitrios.jpg]
[images.squarespace-cdn.com/content/v1/59427d3cd2b857e783255062/1568130392179-M9KNYQDD21U0DVPBIPZP/DSC_0317.jpg]
[images.squarespace-cdn.com/content/v1/59427d3cd2b857e783255062/1568130217969-BSV1HSDK0MS0OXCXOK4S/DSC_0268.jpg]
[www.sheffieldigem.com/biology.html]
[images.squarespace-cdn.com/content/v1/59427d3cd2b857e783255062/1498568278132-3P8BPZCWC8J1N0ZR8I6V/biology.jpg]
[www.sheffieldigem.com/device.html]
[images.squarespace-cdn.com/content/v1/59427d3cd2b857e783255062/1512145826403-PFMVEBHN09W0WSPWMPDP/IMG_0266.jpg]
[images.squarespace-cdn.com/content/v1/59427d3cd2b857e783255062/1512145910030-LCKJYIJJQT692L69Q3QW/IMG_0400.jpg]
[www.sheffieldigem.com/website.html]
[images.squarespace-cdn.com/content/v1/59427d3cd2b857e783255062/1498750888086-2YXRI5LEWYEV1K0SSSYD/website.jpg]
[www.sheffieldigem.com/entrepreneurship.html]
[images.squarespace-cdn.com/content/v1/59427d3cd2b857e783255062/1585655920571-1HDYS1XYSQA2HTV3RAYX/Jeff+Green.jpg]
[www.sheffieldigem.com/people.html]
[images.squarespace-cdn.com/content/v1/59427d3cd2b857e783255062/1509723358549-EBEP57L53LXD41CB0N55/_DSC3180.jpg]
[www.sheffieldigem.com/team.html]
[images.squarespace-cdn.com/content/v1/59427d3cd2b857e783255062/1563126021982-NLQQKWEHIBP8990752U9/image-asset.png]
[images.squarespace-cdn.com/content/v1/59427d3cd2b857e783255062/1544715041314-4APXGBIF4ROFSEUXU2A2/BrightBiotics+2017.png]
[images.squarespace-cdn.com/content/v1/59427d3cd2b857e783255062/1498769648073-TH9WEGD5BAFEZJI9H69H/2016+-+Iron+and+Blood.jpg]
[images.squarespace-cdn.com/content/v1/59427d3cd2b857e783255062/1498572906776-B6PDJ1JH9X4I52BE3723/sheffield_igem_2014.png]
[images.squarespace-cdn.com/content/v1/59427d3cd2b857e783255062/1498769385883-4N7PW6PXSZ082QR56PBC/UoS.png]
[images.squarespace-cdn.com/content/v1/59427d3cd2b857e783255062/1498768724665-8IYJG1V7GB3PTLTOJICS/2009+-+Switched+On+2.png]
[images.squarespace-cdn.com/content/v1/59427d3cd2b857e783255062/1498769455907-2QJBZVQ8PK5FZ9VRI6AQ/UoS.png]
[www.sheffieldigem.com/our-projects.html]
[images.squarespace-cdn.com/content/v1/59427d3cd2b857e783255062/1498920881522-6Q8Y0IOFR650M9FFKCWJ/DSC_0044.jpg]
[images.squarespace-cdn.com/content/v1/59427d3cd2b857e783255062/1498920837462-WGFBGG9UJCSM7YS0VWE9/DSC_0009+-+DSC_0011.jpg]
[www.sheffieldigem.com/our-labs.html]
[www.sheffieldigem.com/_https_/player.vimeo.com/video/194410756.7513bc.delayed]
[images.squarespace-cdn.com/content/v1/59427d3cd2b857e783255062/1631975046697-D4V6XED70C2ROQQCR2H8/2021tracks.png]
[www.sheffieldigem.com/about-igem.html]
[www.sheffieldigem.com/faqs.html]
[images.squarespace-cdn.com/content/v1/59427d3cd2b857e783255062/1498559850120-JFOG3OA9UYFAYI1CSRIL/jamboree5.jpg]
[www.sheffieldigem.com/get-involved/index.html]
[www.sheffieldigem.com/our-projects/index.html]
[www.sheffieldigem.com/our-labs/index.html]
[images.squarespace-cdn.com/content/v1/59427d3cd2b857e783255062/1498559948182-3ZF0YQSGTP4DHGBL0XMZ/jamboree6.jpg]
[images.squarespace-cdn.com/content/v1/59427d3cd2b857e783255062/1568122069694-219DBZXTKAQMWKMGCMVH/Judges.jpg]
[images.squarespace-cdn.com/content/v1/59427d3cd2b857e783255062/1498759649776-HU2SPJ7ZAWDWPXXDUCSH/1af.jpg]
[images.squarespace-cdn.com/content/v1/59427d3cd2b857e783255062/1544713131187-95ZSU88YWRT0QZHL3MFL/5.jpg]
[images.squarespace-cdn.com/content/v1/59427d3cd2b857e783255062/1498559686512-YIK7EXNEQ8ILRD756TII/jamboree2.jpg]
[images.squarespace-cdn.com/content/v1/59427d3cd2b857e783255062/1498559732156-6WZ529D9MHKRX3J5NBM9/jamboree3.jpg]
[www.sheffieldigem.com/_https_/player.vimeo.com/video/172596389.8014c2.delayed]
[images.squarespace-cdn.com/content/v1/59427d3cd2b857e783255062/1631978143947-GZ5YIXVHSQL9W0CJA96H/4.jpg]
[images.squarespace-cdn.com/content/v1/59427d3cd2b857e783255062/1631978161699-V2O3BF9EB8R8XEOWNQF4/6.jpg]
[images.squarespace-cdn.com/content/v1/59427d3cd2b857e783255062/1631980638448-8B90LKZ7GUNZ53XVSBRT/49056356277_61f95d7c5b_4k.jpg]
[images.squarespace-cdn.com/content/v1/59427d3cd2b857e783255062/1631979342413-E99GNIS6ZC1UX866OXVM/1.jpg]
[images.squarespace-cdn.com/content/v1/59427d3cd2b857e783255062/1631979337510-VENHC7QFPEEWAS6GNF11/2.jpg]
[images.squarespace-cdn.com/content/v1/59427d3cd2b857e783255062/1631979335630-FB0TU7NGPF710FTZQW5Q/3.jpg]
[images.squarespace-cdn.com/content/v1/59427d3cd2b857e783255062/1631980721707-2OBRXW9G4YSBGOLCRXPX/Picture1.png]
[images.squarespace-cdn.com/content/v1/59427d3cd2b857e783255062/1631979872536-R9T3ZC9HFJKJLDAN2F9D/7.jpg]
[images.squarespace-cdn.com/content/v1/59427d3cd2b857e783255062/1631981465340-9IGCUBPLE51234E5YJ5L/49056267367_45c82c7fdf_o.jpg]
[images.squarespace-cdn.com/content/v1/59427d3cd2b857e783255062/1631981964580-5MV7FKRA4ZR8CEP4SDEX/49056074246_bbe13b2dde_5k.jpg]
[www.sheffieldigem.com/jamboree.html]
[images.squarespace-cdn.com/content/v1/59427d3cd2b857e783255062/1498765769362-GCQCDOMGBVM54K76BOQF/Get+Involved+-+Team.jpg]
[images.squarespace-cdn.com/content/v1/59427d3cd2b857e783255062/1498765941264-24VQGZDL8ZNK6MZE9PS6/1e.jpg]
[images.squarespace-cdn.com/content/v1/59427d3cd2b857e783255062/1498766075864-7ZIWLOJ0KQP7FQP4EGW3/Get+Involved+-+Sponsor.jpg]
[www.sheffieldigem.com/get-involved.html]
[www.sheffieldigem.com/_https_/player.vimeo.com/video/119981367f0ec.html]
[www.sheffieldigem.com/_https_/player.vimeo.com/video/119981367fbba.html]
[assets.squarespace.com/universal/fonts/squarespace-ui-font.svg]
[static1.squarespace.com/universal/images-v6/icons/opentable-icons.svg]
[assets.squarespace.com/universal/fonts/social-20141119/social-icon-font.svg]
[www.sheffieldigem.com/board.html]
[images.squarespace-cdn.com/content/v1/59427d3cd2b857e783255062/1574863660528-9DU6Z6RLPPWE1OQ4IR9J/Board+uncrop.png]
[images.squarespace-cdn.com/content/v1/59427d3cd2b857e783255062/1503873369556-Q0CUK8FTDTDA82V4TCSM/DSC_2873+(2).jpg]
[images.squarespace-cdn.com/content/v1/59427d3cd2b857e783255062/1500717968971-VZPDQ6RYWWI4T1RP1ZQD/31020843576_3d4f7fc235_o.jpg]
[images.squarespace-cdn.com/content/v1/59427d3cd2b857e783255062/1585666449862-HNHSHMB1ZW62JTQN1ES5/20190813_111558.jpg]
[www.sheffieldigem.com/biology.html]
[images.squarespace-cdn.com/content/v1/59427d3cd2b857e783255062/1503930032263-Y49OABE9FG1RU99OINEM/IMG_0266.jpg]
[images.squarespace-cdn.com/content/v1/59427d3cd2b857e783255062/1585665348795-1N69380N1BWM96DANYBI/Arman2.png]
[images.squarespace-cdn.com/content/v1/59427d3cd2b857e783255062/1585665859497-BNWGVNM9MVPAEMZHG7IK/OLelectro.jpg]
[www.sheffieldigem.com/device.html]
[images.squarespace-cdn.com/content/v1/59427d3cd2b857e783255062/1503873617229-2U5PPOSW5F93LXQXP7T4/IMG_6638.jpg]
[images.squarespace-cdn.com/content/v1/59427d3cd2b857e783255062/1585667507417-ZL0DE556NBJKILFUR2A5/Wiki.jpg]
[images.squarespace-cdn.com/content/v1/59427d3cd2b857e783255062/1585666878596-GGZY61VRG5MQREXOGMHG/78124075_999955210358436_4416750745785729024_o.jpg]
[www.sheffieldigem.com/_/www.youtube.com/embed/Hqmtk5EbjuU.998344.delayed]
[www.sheffieldigem.com/website.html]
[images.squarespace-cdn.com/content/v1/59427d3cd2b857e783255062/1585657713676-7YD3KTXP7EG5XKMR0774/T--Exeter--mielevisit1.jpg]
[images.squarespace-cdn.com/content/v1/59427d3cd2b857e783255062/1585657390948-QLEREC1JGULGSDESMCCD/Copy+of+IMG_20170808_152754.jpg]
[images.squarespace-cdn.com/content/v1/59427d3cd2b857e783255062/1585657715388-6GBBJOQKZV0QEBMHKLOH/Jeff+Green.jpg]
[images.squarespace-cdn.com/content/v1/59427d3cd2b857e783255062/1585668595960-ZIXEHFZJUD5XESUK4P32/How+to+Present+Ourselves.jpg]
[www.sheffieldigem.com/_/www.youtube.com/embed/q-TKG7zzhME.9f8344.delayed]
[www.sheffieldigem.com/entrepreneurship.html]
[images.squarespace-cdn.com/content/v1/59427d3cd2b857e783255062/1624538056055-513P9ERW886BP7P9TO8J/Artboard+1.png]
[images.squarespace-cdn.com/content/v1/59427d3cd2b857e783255062/1585676891987-IQSY8F7M1J0KG2WJ5KWX/DSC_0317.jpg]
[images.squarespace-cdn.com/content/v1/59427d3cd2b857e783255062/1585676733441-7WBCSUJLJ1KUH8ZY2ISL/DSC_0268.jpg]
[images.squarespace-cdn.com/content/v1/59427d3cd2b857e783255062/1585679926951-QL5U19GJA2CUP6H0KRKO/DSC_0282.jpg]
[images.squarespace-cdn.com/content/v1/59427d3cd2b857e783255062/1585677397883-ESMUSMA2OKYGZ8M43Z5G/DSC_0277.jpg]
[images.squarespace-cdn.com/content/v1/59427d3cd2b857e783255062/1585681021128-69URSXQ284TDQ89ABG0H/DSC_0262.jpg]
[images.squarespace-cdn.com/content/v1/59427d3cd2b857e783255062/1585679710136-5K6KB1RFJCH6L944ITW1/DSC_0251.jpg]
[images.squarespace-cdn.com/content/v1/59427d3cd2b857e783255062/1585680284900-WOWFNK3DLIERFQ7Q87OB/DSC_0268.jpg]
[images.squarespace-cdn.com/content/v1/59427d3cd2b857e783255062/1585680831566-5VGGIZ8QDSEGJ11KGE0D/DSC_0317.jpg]
[images.squarespace-cdn.com/content/v1/59427d3cd2b857e783255062/1585680110084-4JU6XBRM6CNGRAP4LX4E/DSC_0323.jpg]
[images.squarespace-cdn.com/content/v1/59427d3cd2b857e783255062/1585680687941-RA816SMX7PLSYGRNJYC4/DSC_0272.jpg]
[images.squarespace-cdn.com/content/v1/59427d3cd2b857e783255062/1509720302507-7KIZ55MY0MW6QHYL8TXG/_DSC3324.jpg]
[images.squarespace-cdn.com/content/v1/59427d3cd2b857e783255062/1562678283210-2Y9WPNG6YGHJNEDVF5BB/Lukas.png]
[images.squarespace-cdn.com/content/v1/59427d3cd2b857e783255062/1500416752965-TILAMQ0INXL9T2GSATNV/Matt.jpg]
[images.squarespace-cdn.com/content/v1/59427d3cd2b857e783255062/1509722199967-EPGRE0Q3455MR0V0PBHF/_DSC3515.jpg]
[images.squarespace-cdn.com/content/v1/59427d3cd2b857e783255062/1509721577037-OELMECSAHS79104RYJY8/_DSC3381.jpg]
[images.squarespace-cdn.com/content/v1/59427d3cd2b857e783255062/1509722097215-XDVTJX2IGLSYQQGQKW3S/_DSC3362.jpg]
[images.squarespace-cdn.com/content/v1/59427d3cd2b857e783255062/1509721188978-RRXNHD1ZDKPGGNG4I3YC/_DSC3463.jpg]
[images.squarespace-cdn.com/content/v1/59427d3cd2b857e783255062/1509720855512-GM20M1213SV3Y2X6H541/_DSC3292.jpg]
[images.squarespace-cdn.com/content/v1/59427d3cd2b857e783255062/1509721783755-OG4WM1Z8EC4NBYUW712H/_DSC3234.jpg]
[images.squarespace-cdn.com/content/v1/59427d3cd2b857e783255062/1509721436659-F6VW7HD3XZTNV3X5KCGN/_DSC3305.jpg]
[images.squarespace-cdn.com/content/v1/59427d3cd2b857e783255062/1500416106263-LAI6SPHXX8Q5MFF15B8P/Caleb.png]
[images.squarespace-cdn.com/content/v1/59427d3cd2b857e783255062/1509722569712-545AXRBO2SJLRHPKD2JS/_DSC3324.jpg]
[images.squarespace-cdn.com/content/v1/59427d3cd2b857e783255062/1624538714311-01PW2GVQD5FZJXHRZZ5V/a.jpg]
[images.squarespace-cdn.com/content/v1/59427d3cd2b857e783255062/1500385311368-H5OGQ6TA1IF5C6XNF9UN/Kyle.png]
[images.squarespace-cdn.com/content/v1/59427d3cd2b857e783255062/1500385302542-TGQK0SVVLOQSPKTJERNW/Jonny.jpg]
[images.squarespace-cdn.com/content/v1/59427d3cd2b857e783255062/1500385231895-KYV1SWIKLFZSE677UT7D/Guilhe.png]
[images.squarespace-cdn.com/content/v1/59427d3cd2b857e783255062/1500385321982-SC548IJZ1TBNWF0LYF6P/Nick.png]
[images.squarespace-cdn.com/content/v1/59427d3cd2b857e783255062/1500385326413-QEMAZXSCTPXIWY2K0LYW/John.png]
[images.squarespace-cdn.com/content/v1/59427d3cd2b857e783255062/1500385337563-CXHB5EHRPC4BF2CY4VDG/Carlos.png]
[images.squarespace-cdn.com/content/v1/59427d3cd2b857e783255062/1514560943747-3A2YPD66YAJQ2N1MRY9G/1.jpg]
[images.squarespace-cdn.com/content/v1/59427d3cd2b857e783255062/1500380000898-5T2C5Y2O264R2HN9U13E/Magda.png]
[images.squarespace-cdn.com/content/v1/59427d3cd2b857e783255062/1500380057229-5UHUTDNBFDRAMMYPNIYI/Jake.png]
[images.squarespace-cdn.com/content/v1/59427d3cd2b857e783255062/1500379986206-VT69OVAPPSYWURSIFJA6/Brandon.png]
[images.squarespace-cdn.com/content/v1/59427d3cd2b857e783255062/1500380078918-8Y16DT0B854W8ILW94WD/James.png]
[images.squarespace-cdn.com/content/v1/59427d3cd2b857e783255062/1500380009699-AZ8CABSP2IK5K6HASJVZ/James+Bio.png]
[images.squarespace-cdn.com/content/v1/59427d3cd2b857e783255062/1500380083518-XBU5D0ZRX8HQNIW6F3EX/Saylee.png]
[images.squarespace-cdn.com/content/v1/59427d3cd2b857e783255062/1500380097444-LCI12KX7V6GLLQEOEVDC/Wes.png]
[images.squarespace-cdn.com/content/v1/59427d3cd2b857e783255062/1500380089296-5M0KPAZWU6L0CU42QHMC/Wai.png]
[images.squarespace-cdn.com/content/v1/59427d3cd2b857e783255062/1500380045159-FRVC9WFIP0JLIG3L7DAN/Hannah.png]
[images.squarespace-cdn.com/content/v1/59427d3cd2b857e783255062/1500380023463-5QV2C6DYZR50XENRXOHI/Oana.png]
[images.squarespace-cdn.com/content/v1/59427d3cd2b857e783255062/1500418819056-9952VUE5K6ALEHA9IYK1/Mark+Thomas.jpg]
[images.squarespace-cdn.com/content/v1/59427d3cd2b857e783255062/1500393171900-6MVR02D3RI8G9PVXH0AP/Coca.png]
[images.squarespace-cdn.com/content/v1/59427d3cd2b857e783255062/1500393115472-AEF4PD2H0SVEEHDEDLQQ/Hornby.jpg]
[images.squarespace-cdn.com/content/v1/59427d3cd2b857e783255062/1500387477983-2JMW2X8J0RA72PRD9ZGW/Graham.jpg]
[images.squarespace-cdn.com/content/v1/59427d3cd2b857e783255062/1500387485038-GSN2V7WSFWVPURHC2KBU/Susan.jpg]
[images.squarespace-cdn.com/content/v1/59427d3cd2b857e783255062/1500387489343-RCQSA9YNH36QZUZU166H/Phillip.jpg]
[images.squarespace-cdn.com/content/v1/59427d3cd2b857e783255062/1500387494796-F1ILQMCHY8MWVDFKWUGD/Liz+Court.jpg]
[images.squarespace-cdn.com/content/v1/59427d3cd2b857e783255062/1500387499900-RGDGKRLJZ5WLLUI9AZUA/Charlotte+Green.jpg]
[images.squarespace-cdn.com/content/v1/59427d3cd2b857e783255062/1500387533912-GR4LL5HV3RVCPOCA4049/Andrew.jpg]
[images.squarespace-cdn.com/content/v1/59427d3cd2b857e783255062/1500387539057-0XM1G5NZY38HAUDXBDI0/Celso.jpg]
[images.squarespace-cdn.com/content/v1/59427d3cd2b857e783255062/1500387543546-9YB63QWAQ2CCUIWL3OYS/Rob.jpg]
[images.squarespace-cdn.com/content/v1/59427d3cd2b857e783255062/1500386582860-PZB702DUPN32YVSLJSBR/Genetics1.jpg]
[images.squarespace-cdn.com/content/v1/59427d3cd2b857e783255062/1500386587004-K6O5Z98VJET5S07GY6XC/MBB1.jpg]
[images.squarespace-cdn.com/content/v1/59427d3cd2b857e783255062/1500386590952-E18YBN4BYNN08G7BFNFI/MBB2.jpg]
[images.squarespace-cdn.com/content/v1/59427d3cd2b857e783255062/1500386763050-YNV127XMRK4OUXM2EZMZ/Bioen1.jpg]
[images.squarespace-cdn.com/content/v1/59427d3cd2b857e783255062/1500386767136-V5NIIK2T79YFIN0VFR0E/CBE1.jpg]
[images.squarespace-cdn.com/content/v1/59427d3cd2b857e783255062/1500386774475-DDWYDRNABMPOU7AFDRNI/ACSE1.jpg]
[images.squarespace-cdn.com/content/v1/59427d3cd2b857e783255062/1500386778241-RBPWPR048HF1LMBHGDQ4/ACSE2.jpg]
[images.squarespace-cdn.com/content/v1/59427d3cd2b857e783255062/1500386783834-XS6NGYN0I4R80YCRIZY4/AEROSPACE.jpg]
[images.squarespace-cdn.com/content/v1/59427d3cd2b857e783255062/1500394565424-B687SQZG5914IZFYAF77/Catherine.jpg]
[images.squarespace-cdn.com/content/v1/59427d3cd2b857e783255062/1624541388739-EB267PVUB5CSRGII40VT/qs.jpg]
[images.squarespace-cdn.com/content/v1/59427d3cd2b857e783255062/1500390593724-U07NRTZXGG6REN3E3KON/UoS.png]
[images.squarespace-cdn.com/content/v1/59427d3cd2b857e783255062/1500390301550-SZMFDMLY0Z0ILZ2NGAQX/UoS.png]
[images.squarespace-cdn.com/content/v1/59427d3cd2b857e783255062/1500390315179-HI4LJLBHGLGD59OP5JGA/UoS.png]
[images.squarespace-cdn.com/content/v1/59427d3cd2b857e783255062/1500390319772-7VCQVKXMTBXTIAEVRWLV/UoS.png]
[images.squarespace-cdn.com/content/v1/59427d3cd2b857e783255062/1500390346526-QGZ7IFGY7V7OP6XD9F88/UoS.png]
[images.squarespace-cdn.com/content/v1/59427d3cd2b857e783255062/1500390349015-LVUGR0Z7S1BRQHQ8057W/UoS.png]
[images.squarespace-cdn.com/content/v1/59427d3cd2b857e783255062/1500390351636-78COKJIG5EUP9SBTYN0S/UoS.png]
[images.squarespace-cdn.com/content/v1/59427d3cd2b857e783255062/1500390354211-MKJ0B80DX0T9C8ZNSMLQ/UoS.png]
[images.squarespace-cdn.com/content/v1/59427d3cd2b857e783255062/1500390946824-LZNVRCIS0RBMKQIZUKMH/Phillip.jpg]
[images.squarespace-cdn.com/content/v1/59427d3cd2b857e783255062/1500391036058-HE4C0ADUMCHLXNQ51E71/Visakan.png]
[images.squarespace-cdn.com/content/v1/59427d3cd2b857e783255062/1500417818687-6KEITU9OXDYKPZCA1JE1/Jags.jpg]
[images.squarespace-cdn.com/content/v1/59427d3cd2b857e783255062/1500391409503-2K1QQKGWYLGIIX9K3S6R/UoS.png]
[images.squarespace-cdn.com/content/v1/59427d3cd2b857e783255062/1500391414196-PETUIL3I2LXJ2K61YB0O/UoS.png]
[images.squarespace-cdn.com/content/v1/59427d3cd2b857e783255062/1500391411898-S59TA1CEWQIW88SGWU04/UoS.png]
[images.squarespace-cdn.com/content/v1/59427d3cd2b857e783255062/1500391262662-GASNAEZXU8DO9UZ2PPN4/UoS.png]
[images.squarespace-cdn.com/content/v1/59427d3cd2b857e783255062/1500391266414-82FAQRS7SI9RIIMIX19A/UoS.png]
[images.squarespace-cdn.com/content/v1/59427d3cd2b857e783255062/1500392543087-12AO712L4TY85JUI6RGX/Hornby.jpg]
[images.squarespace-cdn.com/content/v1/59427d3cd2b857e783255062/1500392623737-QUQWFODTOPYMIA9BGPAM/Phillip.jpg]
[images.squarespace-cdn.com/content/v1/59427d3cd2b857e783255062/1500392628547-CM9K4S6H99BAOETDAP83/Visakan.png]
[images.squarespace-cdn.com/content/v1/59427d3cd2b857e783255062/1500392129414-6TUMEHJBDB6HLZL7P1D2/UoS.png]
[images.squarespace-cdn.com/content/v1/59427d3cd2b857e783255062/1500392116435-N5DNRCFOU44OTGCC4GXL/UoS.png]
[images.squarespace-cdn.com/content/v1/59427d3cd2b857e783255062/1500392132839-FDN5K4JQMMRT2AD5RXIE/UoS.png]
[images.squarespace-cdn.com/content/v1/59427d3cd2b857e783255062/1500392119936-00Z6BDQ9KH848KEPCOF2/UoS.png]
[images.squarespace-cdn.com/content/v1/59427d3cd2b857e783255062/1500392123656-GHYG9KUS7DYX9ZYMO5CP/UoS.png]
[images.squarespace-cdn.com/content/v1/59427d3cd2b857e783255062/1500392126801-2ALZCCLNHC0ZEW83TP59/UoS.png]
[www.sheffieldigem.com/people.html]
[www.sheffieldigem.com/_https_/player.vimeo.com/video/19441075612a1.html]
[www.sheffieldigem.com/_https_/player.vimeo.com/video/19441075613bc.html]
[www.sheffieldigem.com/_https_/www.google.com/maps/d/embed3e9c.html]
[www.sheffieldigem.com/get-involved/index.html]
[www.sheffieldigem.com/our-labs/index.html]
[www.sheffieldigem.com/our-projects/index.html]
[www.sheffieldigem.com/_https_/player.vimeo.com/video/1725963896bfa.html]
[www.sheffieldigem.com/_https_/player.vimeo.com/video/17259638914c2.html]
[www.sheffieldigem.com/_/www.youtube.com/embed/Hqmtk5EbjuU9ae1.html]
[www.sheffieldigem.com/_/www.youtube.com/embed/Hqmtk5EbjuU8344.html]
[www.sheffieldigem.com/_/www.youtube.com/embed/q-TKG7zzhME9ae1.html]
[www.sheffieldigem.com/_/www.youtube.com/embed/q-TKG7zzhME8344.html]
